Arguments: 
  C:\Program Files\nodejs\node.exe C:\Program Files (x86)\Yarn\bin\yarn.js add gh-pages

PATH: 
  C:\Program Files\Git\mingw64\bin;C:\Program Files\Git\usr\bin;C:\Users\hecto\bin;C:\ProgramData\Oracle\Java\javapath;C:\Program Files (x86)\Intel\iCLS Client;C:\Program Files\Intel\iCLS Client;C:\WINDOWS\system32;C:\WINDOWS;C:\WINDOWS\System32\Wbem;C:\WINDOWS\System32\WindowsPowerShell\v1.0;C:\Program Files (x86)\Intel\Intel(R) Management Engine Components\DAL;C:\Program Files\Intel\Intel(R) Management Engine Components\DAL;C:\Program Files (x86)\Intel\Intel(R) Management Engine Components\IPT;C:\Program Files\Intel\Intel(R) Management Engine Components\IPT;C:\Program Files\nodejs;C:\Program Files (x86)\Yarn\bin;C:\WINDOWS\System32\OpenSSH;C:\Program Files\Intel\WiFi\bin;C:\Program Files\Common Files\Intel\WirelessCommon;C:\Program Files\Microsoft VS Code\bin;C:\Users\hecto\AppData\Local\Microsoft\WindowsApps;C:\Users\hecto\AppData\Roaming\npm;C:\Users\hecto\AppData\Local\Yarn\bin;C:\Users\hecto\AppData\Local\Microsoft\WindowsApps

Yarn version: 
  1.3.2

Node version: 
  8.9.4

Platform: 
  win32 x64

npm manifest: 
  {
    "name": "CodingPhase-StarterKit",
    "version": "1.0.0",
    "description": "Super Cool Framework",
    "main": "index.js",
    "author": "joe santos garcia",
    "license": "MIT",
    "homepage": "http://rocky.codingphase.com/",
    "dependencies": {
      "axios": "^0.16.1",
      "babel-core": "^6.24.1",
      "babel-loader": "^6.4.1",
      "babel-preset-env": "^1.4.0",
      "babel-preset-es2015": "^6.24.1",
      "babel-preset-react": "^6.24.1",
      "babel-preset-stage-0": "^6.24.1",
      "browser-sync": "^2.18.8",
      "gulp": "^3.9.1",
      "gulp-autoprefixer": "^3.1.1",
      "gulp-babel": "^6.1.2",
      "gulp-concat": "^2.6.0",
      "gulp-eslint": "^3.0.1",
      "gulp-imagemin": "^3.0.3",
      "gulp-sass": "^3.0.0",
      "gulp-shell": "^0.6.3",
      "gulp-uglify": "^2.0.0",
      "gulp-watch": "^4.3.9",
      "html-webpack-plugin": "^2.28.0",
      "node-sass": "^4.5.2",
      "react": "^15.5.4",
      "react-dom": "^15.5.4",
      "react-redux": "^5.0.4",
      "react-router": "^4.1.1",
      "redux": "^3.6.0",
      "sass-loader": "^6.0.3",
      "standard": "^10.0.2",
      "webpack": "^2.5.1",
      "webpack-stream": "^3.2.0"
    },
    "scripts": {
      "bundle": "./node_modules/.bin/webpack",
      "production": "./node_modules/.bin/webpack -p",
      "watch": "gulp",
      "sass": "gulp styles",
      "js": "gulp webpack"
    },
    "devDependencies": {
      "babel-plugin-transform-class-properties": "^6.24.1",
      "babel-preset-stage-0": "^6.24.1"
    }
  }

yarn manifest: 
  No manifest

Lockfile: 
  No lockfile

Trace: 
  Error: EPERM: operation not permitted, unlink 'C:\Users\hecto\OneDrive\Documents\My Projects\react-RealState\node_modules\uws\uws_win32_57.node'
